<?xml version="1.0" encoding="UTF-8"?>
<testsuite name="tests.khly6517.Khly6517Tests-20210915131705" tests="7" file="tests/khly6517.py" time="16.953" timestamp="2021-09-15T13:17:34" failures="0" errors="0" skipped="0">
	<testcase classname="tests.khly6517.Khly6517Tests" name="test_WHEN_button_current_pressed_THEN_PVs_set" time="2.481" timestamp="2021-09-15T13:17:20" file="tests\khly6517.py" line="88"/>
	<testcase classname="tests.khly6517.Khly6517Tests" name="test_WHEN_button_pressed_THEN_queue_cleared" time="3.720" timestamp="2021-09-15T13:17:24" file="tests\khly6517.py" line="68"/>
	<testcase classname="tests.khly6517.Khly6517Tests" name="test_WHEN_buttons_pressed_THEN_readings_read_from_device" time="0.000" timestamp="2021-09-15T13:17:24" file="tests\khly6517.py" line="110"/>
	<testcase classname="tests.khly6517.Khly6517Tests" name="test_WHEN_errors_added_THEN_refresh_clears_queue_over_time" time="3.324" timestamp="2021-09-15T13:17:27" file="tests\khly6517.py" line="103"/>
	<testcase classname="tests.khly6517.Khly6517Tests" name="test_WHEN_periodic_refresh_scanned_THEN_func_updated_and_errors_shown" time="2.309" timestamp="2021-09-15T13:17:29" file="tests\khly6517.py" line="56"/>
	<testcase classname="tests.khly6517.Khly6517Tests" name="test_WHEN_set_pv_is_set_THEN_pv_updated_func" time="2.422" timestamp="2021-09-15T13:17:32" file="tests\khly6517.py" line="48"/>
	<testcase classname="tests.khly6517.Khly6517Tests" name="test_WHEN_set_pv_is_set_THEN_pv_updated_rang" time="2.698" timestamp="2021-09-15T13:17:34" file="tests\khly6517.py" line="52"/>
</testsuite>
