<?xml version="1.0" encoding="UTF-8"?>
<testsuite name="tests.khly6517.Khly6517Tests-20210916092618" tests="7" file="tests/khly6517.py" time="17.175" timestamp="2021-09-16T09:26:48" failures="0" errors="0" skipped="0">
	<testcase classname="tests.khly6517.Khly6517Tests" name="test_WHEN_button_current_pressed_THEN_PVs_set" time="0.439" timestamp="2021-09-16T09:26:31" file="tests\khly6517.py" line="95"/>
	<testcase classname="tests.khly6517.Khly6517Tests" name="test_WHEN_button_pressed_THEN_queue_cleared" time="2.979" timestamp="2021-09-16T09:26:34" file="tests\khly6517.py" line="72"/>
	<testcase classname="tests.khly6517.Khly6517Tests" name="test_WHEN_buttons_pressed_THEN_readings_read_from_device" time="1.773" timestamp="2021-09-16T09:26:36" file="tests\khly6517.py" line="125"/>
	<testcase classname="tests.khly6517.Khly6517Tests" name="test_WHEN_errors_added_THEN_refresh_clears_queue_over_time" time="3.400" timestamp="2021-09-16T09:26:39" file="tests\khly6517.py" line="110"/>
	<testcase classname="tests.khly6517.Khly6517Tests" name="test_WHEN_periodic_refresh_scanned_THEN_func_updated_and_errors_shown" time="3.485" timestamp="2021-09-16T09:26:43" file="tests\khly6517.py" line="57"/>
	<testcase classname="tests.khly6517.Khly6517Tests" name="test_WHEN_set_pv_is_set_THEN_pv_updated_func" time="2.413" timestamp="2021-09-16T09:26:45" file="tests\khly6517.py" line="49"/>
	<testcase classname="tests.khly6517.Khly6517Tests" name="test_WHEN_set_pv_is_set_THEN_pv_updated_rang" time="2.688" timestamp="2021-09-16T09:26:48" file="tests\khly6517.py" line="53"/>
</testsuite>
