<?xml version="1.0" encoding="UTF-8"?>
<testsuite name="tests.khly6517.Khly6517Tests-20210915140624" tests="7" file="tests/khly6517.py" time="15.874" timestamp="2021-09-15T14:06:53" failures="0" errors="0" skipped="0">
	<testcase classname="tests.khly6517.Khly6517Tests" name="test_WHEN_button_current_pressed_THEN_PVs_set" time="0.443" timestamp="2021-09-15T14:06:37" file="tests\khly6517.py" line="92"/>
	<testcase classname="tests.khly6517.Khly6517Tests" name="test_WHEN_button_pressed_THEN_queue_cleared" time="2.941" timestamp="2021-09-15T14:06:40" file="tests\khly6517.py" line="69"/>
	<testcase classname="tests.khly6517.Khly6517Tests" name="test_WHEN_buttons_pressed_THEN_readings_read_from_device" time="1.747" timestamp="2021-09-15T14:06:42" file="tests\khly6517.py" line="122"/>
	<testcase classname="tests.khly6517.Khly6517Tests" name="test_WHEN_errors_added_THEN_refresh_clears_queue_over_time" time="3.405" timestamp="2021-09-15T14:06:45" file="tests\khly6517.py" line="107"/>
	<testcase classname="tests.khly6517.Khly6517Tests" name="test_WHEN_periodic_refresh_scanned_THEN_func_updated_and_errors_shown" time="2.219" timestamp="2021-09-15T14:06:48" file="tests\khly6517.py" line="57"/>
	<testcase classname="tests.khly6517.Khly6517Tests" name="test_WHEN_set_pv_is_set_THEN_pv_updated_func" time="2.419" timestamp="2021-09-15T14:06:50" file="tests\khly6517.py" line="49"/>
	<testcase classname="tests.khly6517.Khly6517Tests" name="test_WHEN_set_pv_is_set_THEN_pv_updated_rang" time="2.699" timestamp="2021-09-15T14:06:53" file="tests\khly6517.py" line="53"/>
</testsuite>
