<?xml version="1.0" encoding="UTF-8"?>
<testsuite name="tests.khly6517.Khly6517Tests-20210909134137" tests="1" file="tests/khly6517.py" time="1.167" timestamp="2021-09-09T13:41:51" failures="0" errors="0" skipped="0">
	<testcase classname="tests.khly6517.Khly6517Tests" name="test1" time="1.167" timestamp="2021-09-09T13:41:51" file="tests\khly6517.py" line="31"/>
</testsuite>
