<?xml version="1.0" encoding="UTF-8"?>
<testsuite name="tests.khly6517.Khly6517Tests-20210915125309" tests="3" file="tests/khly6517.py" time="6.999" timestamp="2021-09-15T12:53:29" failures="0" errors="0" skipped="0">
	<testcase classname="tests.khly6517.Khly6517Tests" name="test_WHEN_periodic_refresh_scanned_THEN_func_updated_and_errors_shown" time="1.813" timestamp="2021-09-15T12:53:23" file="tests\khly6517.py" line="55"/>
	<testcase classname="tests.khly6517.Khly6517Tests" name="test_WHEN_set_pv_is_set_THEN_pv_updated_func" time="2.432" timestamp="2021-09-15T12:53:26" file="tests\khly6517.py" line="47"/>
	<testcase classname="tests.khly6517.Khly6517Tests" name="test_WHEN_set_pv_is_set_THEN_pv_updated_rang" time="2.754" timestamp="2021-09-15T12:53:29" file="tests\khly6517.py" line="51"/>
</testsuite>
