<?xml version="1.0" encoding="UTF-8"?>
<testsuite name="tests.khly6517.Khly6517Tests-20210915154510" tests="7" file="tests/khly6517.py" time="15.912" timestamp="2021-09-15T15:45:39" failures="0" errors="0" skipped="0">
	<testcase classname="tests.khly6517.Khly6517Tests" name="test_WHEN_button_current_pressed_THEN_PVs_set" time="0.445" timestamp="2021-09-15T15:45:23" file="tests\khly6517.py" line="96"/>
	<testcase classname="tests.khly6517.Khly6517Tests" name="test_WHEN_button_pressed_THEN_queue_cleared" time="2.927" timestamp="2021-09-15T15:45:26" file="tests\khly6517.py" line="73"/>
	<testcase classname="tests.khly6517.Khly6517Tests" name="test_WHEN_buttons_pressed_THEN_readings_read_from_device" time="1.759" timestamp="2021-09-15T15:45:28" file="tests\khly6517.py" line="126"/>
	<testcase classname="tests.khly6517.Khly6517Tests" name="test_WHEN_errors_added_THEN_refresh_clears_queue_over_time" time="3.386" timestamp="2021-09-15T15:45:31" file="tests\khly6517.py" line="111"/>
	<testcase classname="tests.khly6517.Khly6517Tests" name="test_WHEN_periodic_refresh_scanned_THEN_func_updated_and_errors_shown" time="2.266" timestamp="2021-09-15T15:45:33" file="tests\khly6517.py" line="57"/>
	<testcase classname="tests.khly6517.Khly6517Tests" name="test_WHEN_set_pv_is_set_THEN_pv_updated_func" time="2.452" timestamp="2021-09-15T15:45:36" file="tests\khly6517.py" line="49"/>
	<testcase classname="tests.khly6517.Khly6517Tests" name="test_WHEN_set_pv_is_set_THEN_pv_updated_rang" time="2.676" timestamp="2021-09-15T15:45:39" file="tests\khly6517.py" line="53"/>
</testsuite>
