<?xml version="1.0" encoding="UTF-8"?>
<testsuite name="tests.khly6517.Khly6517Tests-20210915124649" tests="2" file="tests/khly6517.py" time="5.304" timestamp="2021-09-15T12:47:07" failures="0" errors="0" skipped="0">
	<testcase classname="tests.khly6517.Khly6517Tests" name="test_WHEN_set_pv_is_set_THEN_pv_updated_func" time="2.546" timestamp="2021-09-15T12:47:04" file="tests\khly6517.py" line="41"/>
	<testcase classname="tests.khly6517.Khly6517Tests" name="test_WHEN_set_pv_is_set_THEN_pv_updated_rang" time="2.758" timestamp="2021-09-15T12:47:07" file="tests\khly6517.py" line="45"/>
</testsuite>
