<?xml version="1.0" encoding="UTF-8"?>
<testsuite name="tests.khly6517.Khly6517Tests-20210909123036" tests="1" file="tests/khly6517.py" time="2.209" timestamp="2021-09-09T12:30:51" failures="0" errors="0" skipped="0">
	<testcase classname="tests.khly6517.Khly6517Tests" name="test1" time="2.209" timestamp="2021-09-09T12:30:51" file="tests\khly6517.py" line="32"/>
</testsuite>
